TN:
SF:/Users/paulmusso1/Documents/perso/eslint-plugin-reselect/index.js
FN:7,configureAsError
FNF:1
FNH:1
FNDA:1,configureAsError
DA:3,1
DA:7,1
DA:8,1
DA:9,1
DA:10,1
DA:11,0
DA:13,1
DA:15,1
DA:18,1
LF:9
LH:8
BRDA:10,1,0,0
BRDA:10,1,1,1
BRF:2
BRH:1
end_of_record
TN:
SF:/Users/paulmusso1/Documents/perso/eslint-plugin-reselect/lib/rules/signature.js
FN:1,test
FN:23,(anonymous_2)
FN:25,(anonymous_3)
FN:28,(anonymous_4)
FNF:4
FNH:4
FNDA:2,test
FNDA:2,(anonymous_2)
FNDA:1,(anonymous_3)
FNDA:1,(anonymous_4)
DA:1,1
DA:2,2
DA:3,2
DA:4,0
DA:6,2
DA:7,0
DA:9,2
DA:10,0
DA:12,2
DA:13,0
DA:15,2
DA:16,0
DA:18,2
DA:19,1
DA:23,1
DA:24,2
DA:26,1
DA:29,1
DA:34,1
LF:19
LH:14
BRDA:3,1,0,0
BRDA:3,1,1,2
BRDA:6,2,0,0
BRDA:6,2,1,2
BRDA:9,3,0,0
BRDA:9,3,1,2
BRDA:12,4,0,0
BRDA:12,4,1,2
BRDA:15,5,0,0
BRDA:15,5,1,2
BRDA:18,6,0,1
BRDA:18,6,1,1
BRDA:18,7,0,2
BRDA:18,7,1,2
BRF:14
BRH:9
end_of_record
